\BOOKMARK [0][-]{section*.1}{\376\377\144\130\211\201}{}% 1
\BOOKMARK [0][-]{section*.2}{\376\377\000A\000b\000s\000t\000r\000a\000c\000t}{}% 2
\BOOKMARK [0][-]{chapter.1}{\376\377\173\054\116\000\172\340\150\007\230\230}{}% 3
\BOOKMARK [1][-]{section.1.1}{\376\377\173\054\116\000\134\017\202\202}{chapter.1}% 4
\BOOKMARK [2][-]{subsection.1.1.1}{\376\377\173\054\116\000\134\017\134\017\202\202}{section.1.1}% 5
\BOOKMARK [3][-]{subsubsection.1.1.1.1}{\376\377\173\054\116\000\134\017\134\017\134\017\202\202}{subsection.1.1.1}% 6
\BOOKMARK [2][-]{subsection.1.1.2}{\376\377\173\054\116\214\134\017\134\017\202\202}{section.1.1}% 7
\BOOKMARK [3][-]{subsubsection.1.1.2.1}{\376\377\173\054\116\214\134\017\134\017\134\017\202\202}{subsection.1.1.2}% 8
\BOOKMARK [3][-]{subsubsection.1.1.2.2}{\376\377\173\054\126\333\176\247\150\007\230\230}{subsection.1.1.2}% 9
\BOOKMARK [1][-]{section.1.2}{\376\377\173\054\116\214\134\017\202\202}{chapter.1}% 10
\BOOKMARK [1][-]{section.1.3}{\376\377\173\054\116\011\134\017\202\202}{chapter.1}% 11
\BOOKMARK [0][-]{chapter.2}{\376\377\145\260\166\204\131\047\202\202}{}% 12
\BOOKMARK [0][-]{chapter.3}{\376\377\123\302\200\003\145\207\163\056\124\214\116\244\123\311\137\025\165\050}{}% 13
\BOOKMARK [1][-]{section.3.1}{\376\377\123\302\200\003\145\207\163\056}{chapter.3}% 14
\BOOKMARK [2][-]{subsection.3.1.1}{\376\377\116\244\123\311\137\025\165\050}{section.3.1}% 15
\BOOKMARK [1][-]{section.3.2}{\376\377\121\154\137\017\217\331\116\110\165\050}{chapter.3}% 16
\BOOKMARK [0][-]{chapter.4}{\376\377\165\050\126\376\124\214\210\150\166\204\171\072\117\213}{}% 17
\BOOKMARK [0][-]{chapter.5}{\376\377\116\343\170\001\127\127}{}% 18
\BOOKMARK [1][-]{section.5.1}{\376\377\116\343\170\001\127\127\123\237\150\067\217\223\121\372}{chapter.5}% 19
\BOOKMARK [1][-]{section.5.2}{\376\377\126\376\166\204\117\177\165\050}{chapter.5}% 20
\BOOKMARK [1][-]{section.5.3}{\376\377\210\150\166\204\117\177\165\050}{chapter.5}% 21
\BOOKMARK [1][-]{section.5.4}{\376\377\122\027\210\150\166\204\117\177\165\050}{chapter.5}% 22
\BOOKMARK [0][-]{section*.6}{\376\377\201\364\214\042}{}% 23
\BOOKMARK [0][-]{chapter*.8}{\376\377\123\302\200\003\145\207\163\056}{}% 24
\BOOKMARK [0][-]{appendix.1.A}{\376\377\173\054\116\000\116\052\226\104\137\125}{}% 25
\BOOKMARK [1][-]{section.1.A.1}{\376\377\226\104\137\125\123\357\116\345\147\011\134\017\202\202}{appendix.1.A}% 26
\BOOKMARK [2][-]{subsection.1.A.1.1}{\376\377\134\017\134\017\202\202}{section.1.A.1}% 27
\BOOKMARK [3][-]{subsubsection.1.A.1.1.1}{\376\377\226\104\137\125\116\055\116\137\123\357\116\345\147\011\134\017\134\017\202\202}{subsection.1.A.1.1}% 28
